commit 4c1b1fec3787d27cddfd02381ea517bc9db26c9a
Author: ohuss1 <ocompu@outlook.com>
Date:   Tue Nov 26 23:22:39 2019 -0500

    update created seperate files

commit e51b2cff83fe56086b7b1725ee4cc76704ebbbfc
Author: ohuss1 <ocompu@outlook.com>
Date:   Tue Nov 26 23:01:12 2019 -0500

    beforemakefile

commit 5bc0eefbc65cb4e7c652306d8075a6aabdb8df94
Author: ohuss1 <ocompu@outlook.com>
Date:   Tue Nov 26 20:17:15 2019 -0500

    All methods working

commit 4f1e81d9155820fcd299981d66f63ebaa6d693b3
Author: ohuss1 <ocompu@outlook.com>
Date:   Tue Nov 26 20:11:42 2019 -0500

    before changes

commit d57ed5cbff7afa8cbf53dd7824e5323372fc1469
Author: ohuss1 <ocompu@outlook.com>
Date:   Tue Nov 26 19:26:31 2019 -0500

    pretty print complete+fixed bugs

commit 002c6162c462484c8d6b7c626e335707f928be20
Author: ohuss1 <ocompu@outlook.com>
Date:   Tue Nov 26 18:54:08 2019 -0500

    findUpdate() complete

commit b96f0b2aa0aa75fee8d235d14e7b84f77dfded04
Author: ohuss1 <ocompu@outlook.com>
Date:   Tue Nov 26 14:00:48 2019 -0500

    findUpdate() completed

commit a19e9ca1df1bf1c994bfbcae64852cb6dfd0054e
Author: ohuss1 <ocompu@outlook.com>
Date:   Mon Nov 25 23:35:04 2019 -0500

    completed parse

commit a3554c2334131bcc7a5d5882da166f0ad196a094
Author: ohuss1 <ocompu@outlook.com>
Date:   Mon Nov 25 19:11:07 2019 -0500

    beforeupdate

commit 8db37dcc86e56c073b6ba22c95a06272a5d531a0
Author: ohuss1 <ocompu@outlook.com>
Date:   Mon Nov 25 18:28:02 2019 -0500

    update

commit 695a50565923b7219c9f8ee27092c75995caf4ca
Author: ohuss1 <ocompu@outlook.com>
Date:   Mon Nov 25 18:17:38 2019 -0500

    Created main.c

commit ee229eafeb241aa60c47f2bc81128936e866cbf8
Author: ohuss1 <46249405+ohuss1@users.noreply.github.com>
Date:   Sat Nov 23 08:43:14 2019 -0500

    Initial commit
